<?xml version="1.0" encoding="UTF-8"?>
<!-- Generated by org.testng.reporters.JUnitXMLReporter -->
<testsuite ignored="0" hostname="ISIPL-PUNV-L406.local" failures="0" tests="5" name="Default test" time="0.06" errors="0" timestamp="2024-08-21T08:59:50 IST">
  <testcase classname="testNG_Day1.AttributeDemo" name="priorityDemo2" time="0.009"/>
  <testcase classname="testNG_Day1.AttributeDemo" name="priorityDemo1" time="0.002"/>
  <testcase classname="testNG_Day1.AttributeDemo" name="AaiorityDemo1" time="0.001"/>
  <testcase classname="testNG_Day1.AttributeDemo" name="AriorityDemo1" time="0.002"/>
  <testcase classname="testNG_Day1.AttributeDemo" name="priorityDemo3" time="0.002"/>
</testsuite> <!-- Default test -->
