<?xml version="1.0" encoding="UTF-8"?>
<!-- Generated by org.testng.reporters.JUnitXMLReporter -->
<testsuite ignored="11" hostname="ISIPL-PUNV-L406.local" failures="0" tests="5" name="Test" time="0.064" errors="0" timestamp="2024-08-22T09:04:06 IST">
  <testcase classname="testNG_Day2.AttributeDemo" name="SmokeGroup2" time="0.008"/>
  <testcase classname="testNG_Day2.AttributeDemo2" name="SmokeGroup2" time="0.002"/>
  <testcase classname="testNG_Day2.GroupDemo" name="RegressionGroup" time="0.001"/>
  <testcase classname="testNG_Day2.GroupDemo" name="SmokeGroup1" time="0.002"/>
  <testcase classname="testNG_Day2.GroupDemo" name="SmokeGroup2" time="0.002"/>
  <testcase classname="testNG_Day2.AttributeDemo" name="dependOnMethodDemo" time="0.0">
    <ignored/>
  </testcase> <!-- dependOnMethodDemo -->
  <testcase classname="testNG_Day2.AttributeDemo" name="GroupDemo2" time="0.0">
    <ignored/>
  </testcase> <!-- GroupDemo2 -->
  <testcase classname="testNG_Day2.AttributeDemo" name="timeoutDemo" time="0.0">
    <ignored/>
  </testcase> <!-- timeoutDemo -->
  <testcase classname="testNG_Day2.AttributeDemo2" name="TestDP" time="0.0">
    <ignored/>
  </testcase> <!-- TestDP -->
  <testcase classname="testNG_Day2.AttributeDemo2" name="Demo1" time="0.0">
    <ignored/>
  </testcase> <!-- Demo1 -->
  <testcase classname="testNG_Day2.AttributeDemo2" name="Demo" time="0.0">
    <ignored/>
  </testcase> <!-- Demo -->
  <testcase classname="testNG_Day2.AttributeDemo" name="GroupDemo1" time="0.0">
    <ignored/>
  </testcase> <!-- GroupDemo1 -->
  <testcase classname="testNG_Day2.AttributeDemo" name="alwayRunDemo" time="0.0">
    <ignored/>
  </testcase> <!-- alwayRunDemo -->
  <testcase classname="testNG_Day2.AttributeDemo" name="invocationCountDemo" time="0.0">
    <ignored/>
  </testcase> <!-- invocationCountDemo -->
  <testcase classname="testNG_Day2.AttributeDemo" name="enabledDemo" time="0.0">
    <ignored/>
  </testcase> <!-- enabledDemo -->
  <testcase classname="testNG_Day2.GroupDemo" name="SanityGroup" time="0.0">
    <ignored/>
  </testcase> <!-- SanityGroup -->
</testsuite> <!-- Test -->
