<?xml version="1.0" encoding="UTF-8"?>
<!-- Generated by org.testng.reporters.JUnitXMLReporter -->
<testsuite hostname="ISIPL-PUNV-L406.local" ignored="3" name="GRP-Sanity" tests="1" failures="0" timestamp="2024-08-26T08:48:56 IST" time="0.039" errors="0">
  <testcase name="SanityGroup" time="0.008" classname="testNG_Day2.GroupDemo"/>
  <testcase name="RegressionGroup" time="0.0" classname="testNG_Day2.GroupDemo">
    <ignored/>
  </testcase> <!-- RegressionGroup -->
  <testcase name="SmokeGroup1" time="0.0" classname="testNG_Day2.GroupDemo">
    <ignored/>
  </testcase> <!-- SmokeGroup1 -->
  <testcase name="SmokeGroup2" time="0.0" classname="testNG_Day2.GroupDemo">
    <ignored/>
  </testcase> <!-- SmokeGroup2 -->
</testsuite> <!-- GRP-Sanity -->
