<?xml version="1.0" encoding="UTF-8"?>
<testng-results ignored="0" total="5" passed="5" failed="0" skipped="0">
  <reporter-output>
  </reporter-output>
  <suite started-at="2024-08-21T08:59:45 IST" name="Default suite" finished-at="2024-08-21T08:59:45 IST" duration-ms="60">
    <groups>
    </groups>
    <test started-at="2024-08-21T08:59:45 IST" name="Default test" finished-at="2024-08-21T08:59:45 IST" duration-ms="60">
      <class name="testNG_Day1.AttributeDemo">
        <test-method signature="priorityDemo2()[pri:-23, instance:testNG_Day1.AttributeDemo@4a668b6e]" started-at="2024-08-21T08:59:45 IST" name="priorityDemo2" finished-at="2024-08-21T08:59:45 IST" duration-ms="9" status="PASS">
          <reporter-output>
          </reporter-output>
        </test-method> <!-- priorityDemo2 -->
        <test-method signature="priorityDemo1()[pri:-1, instance:testNG_Day1.AttributeDemo@4a668b6e]" started-at="2024-08-21T08:59:45 IST" name="priorityDemo1" finished-at="2024-08-21T08:59:45 IST" duration-ms="2" status="PASS">
          <reporter-output>
          </reporter-output>
        </test-method> <!-- priorityDemo1 -->
        <test-method signature="AaiorityDemo1()[pri:0, instance:testNG_Day1.AttributeDemo@4a668b6e]" started-at="2024-08-21T08:59:45 IST" name="AaiorityDemo1" finished-at="2024-08-21T08:59:45 IST" duration-ms="1" status="PASS">
          <reporter-output>
          </reporter-output>
        </test-method> <!-- AaiorityDemo1 -->
        <test-method signature="AriorityDemo1()[pri:0, instance:testNG_Day1.AttributeDemo@4a668b6e]" started-at="2024-08-21T08:59:45 IST" name="AriorityDemo1" finished-at="2024-08-21T08:59:45 IST" duration-ms="2" status="PASS">
          <reporter-output>
          </reporter-output>
        </test-method> <!-- AriorityDemo1 -->
        <test-method signature="priorityDemo3()[pri:3, instance:testNG_Day1.AttributeDemo@4a668b6e]" started-at="2024-08-21T08:59:45 IST" name="priorityDemo3" finished-at="2024-08-21T08:59:45 IST" duration-ms="2" status="PASS">
          <reporter-output>
          </reporter-output>
        </test-method> <!-- priorityDemo3 -->
      </class> <!-- testNG_Day1.AttributeDemo -->
    </test> <!-- Default test -->
  </suite> <!-- Default suite -->
</testng-results>
