<?xml version="1.0" encoding="UTF-8"?>
<testng-results ignored="0" total="1" passed="1" failed="0" skipped="0">
  <reporter-output>
  </reporter-output>
  <suite started-at="2024-08-29T09:03:33 IST" name="Default suite" finished-at="2024-08-29T09:03:53 IST" duration-ms="19177">
    <groups>
    </groups>
    <test started-at="2024-08-29T09:03:33 IST" name="Default test" finished-at="2024-08-29T09:03:53 IST" duration-ms="19177">
      <class name="LocatorsInSelenium.CSSLocator">
        <test-method is-config="true" signature="invokeBrowserAndLogin()[pri:0, instance:LocatorsInSelenium.CSSLocator@63376bed]" started-at="2024-08-29T09:03:33 IST" name="invokeBrowserAndLogin" finished-at="2024-08-29T09:03:49 IST" duration-ms="15861" status="PASS">
          <reporter-output>
          </reporter-output>
        </test-method> <!-- invokeBrowserAndLogin -->
        <test-method signature="addProductAndCheckout()[pri:0, instance:LocatorsInSelenium.CSSLocator@63376bed]" started-at="2024-08-29T09:03:49 IST" name="addProductAndCheckout" finished-at="2024-08-29T09:03:53 IST" duration-ms="3217" status="PASS">
          <reporter-output>
          </reporter-output>
        </test-method> <!-- addProductAndCheckout -->
      </class> <!-- LocatorsInSelenium.CSSLocator -->
    </test> <!-- Default test -->
  </suite> <!-- Default suite -->
</testng-results>
