<?xml version="1.0" encoding="UTF-8"?>
<testng-results ignored="0" total="1" passed="1" failed="0" skipped="0">
  <reporter-output>
  </reporter-output>
  <suite started-at="2024-08-28T08:16:46 IST" name="Default suite" finished-at="2024-08-28T08:17:21 IST" duration-ms="34567">
    <groups>
    </groups>
    <test started-at="2024-08-28T08:16:46 IST" name="Default test" finished-at="2024-08-28T08:17:21 IST" duration-ms="34567">
      <class name="DriverIntroduction.DriverIntro">
        <test-method signature="DemoDriver()[pri:0, instance:DriverIntroduction.DriverIntro@428640fa]" started-at="2024-08-28T08:16:46 IST" name="DemoDriver" finished-at="2024-08-28T08:17:21 IST" duration-ms="34504" status="PASS">
          <reporter-output>
          </reporter-output>
        </test-method> <!-- DemoDriver -->
      </class> <!-- DriverIntroduction.DriverIntro -->
    </test> <!-- Default test -->
  </suite> <!-- Default suite -->
</testng-results>
